{
  "RSpec": {
    "coverage": {
      "/Users/lamachine/NTHU/SOA/YouFind/require_app.rb": {
        "lines": [
          null,
          null,
          1,
          1,
          1,
          null,
          1,
          3,
          null,
          null
        ]
      },
      "/Users/lamachine/NTHU/SOA/YouFind/config/environment.rb": {
        "lines": [
          null,
          null,
          1,
          1,
          1,
          1,
          null,
          1,
          null,
          1,
          1,
          null,
          null,
          1,
          1,
          null,
          null,
          null,
          1,
          1,
          null,
          1,
          1,
          1,
          null,
          null,
          null,
          1,
          null,
          null,
          null
        ]
      },
      "/Users/lamachine/NTHU/SOA/YouFind/app/controllers/app.rb": {
        "lines": [
          null,
          null,
          1,
          1,
          1,
          null,
          1,
          null,
          1,
          1,
          1,
          1,
          1,
          null,
          1,
          0,
          null,
          null,
          null,
          0,
          0,
          null,
          null,
          0,
          0,
          null,
          0,
          0,
          0,
          0,
          0,
          null,
          null,
          null,
          0,
          null,
          0,
          0,
          0,
          0,
          0,
          null,
          0,
          null,
          null,
          null,
          null,
          null,
          null
        ]
      },
      "/Users/lamachine/NTHU/SOA/YouFind/app/controllers/utils.rb": {
        "lines": [
          null,
          null,
          1,
          0,
          0,
          0,
          0,
          null
        ]
      },
      "/Users/lamachine/NTHU/SOA/YouFind/app/infrastructure/database/caption_orm.rb": {
        "lines": [
          null,
          null,
          1,
          null,
          1,
          1,
          null,
          1,
          0,
          null,
          null,
          0,
          null,
          null,
          null
        ]
      }
    },
    "timestamp": 1667892854
  }
}
